Using pre-set license
Built from '2020.3/staging' branch; Version is '2020.3.5f1 (8095aa901b9b) revision 8426922'; Using compiler version '192528614'; Build Type 'Release'
OS: 'Windows 10 Home Single Language; OS build 19041.985; Version 2004; 64bit' Language: 'es' Physical Memory: 8081 MB
BatchMode: 1, IsHumanControllingUs: 0, StartBugReporterOnCrash: 0, Is64bit: 1, IsPro: 0

 COMMAND LINE ARGUMENTS:
C:\Program Files\Unity\Hub\Editor\2020.3.5f1\Editor\Unity.exe
-adb2
-batchMode
-noUpm
-name
AssetImportWorker0
-projectPath
C:/Users/Huesillo/Desktop/Eutanacia mental
-logFile
Logs/AssetImportWorker0.log
-srvPort
49344
Successfully changed project path to: C:/Users/Huesillo/Desktop/Eutanacia mental
C:/Users/Huesillo/Desktop/Eutanacia mental
Using Asset Import Pipeline V2.
Refreshing native plugins compatible for Editor in 97.58 ms, found 0 plugins.
Preloading 0 native plugins for Editor in 0.00 ms.
Initialize engine version: 2020.3.5f1 (8095aa901b9b)
[Subsystems] Discovering subsystems at path C:/Program Files/Unity/Hub/Editor/2020.3.5f1/Editor/Data/Resources/UnitySubsystems
[Subsystems] Discovering subsystems at path C:/Users/Huesillo/Desktop/Eutanacia mental/Assets
GfxDevice: creating device client; threaded=0
Direct3D:
    Version:  Direct3D 11.0 [level 11.1]
    Renderer: NVIDIA GeForce GTX 1050 (ID=0x1c8d)
    Vendor:   
    VRAM:     4019 MB
    Driver:   27.21.14.6230
Initialize mono
Mono path[0] = 'C:/Program Files/Unity/Hub/Editor/2020.3.5f1/Editor/Data/Managed'
Mono path[1] = 'C:/Program Files/Unity/Hub/Editor/2020.3.5f1/Editor/Data/MonoBleedingEdge/lib/mono/unityjit'
Mono config path = 'C:/Program Files/Unity/Hub/Editor/2020.3.5f1/Editor/Data/MonoBleedingEdge/etc'
Using monoOptions --debugger-agent=transport=dt_socket,embedding=1,server=y,suspend=n,address=127.0.0.1:56760
Begin MonoManager ReloadAssembly
Registering precompiled unity dll's ...
Register platform support module: C:/Program Files/Unity/Hub/Editor/2020.3.5f1/Editor/Data/PlaybackEngines/WindowsStandaloneSupport/UnityEditor.WindowsStandalone.Extensions.dll
Registered in 0.003354 seconds.
Native extension for WindowsStandalone target not found
Refreshing native plugins compatible for Editor in 72.90 ms, found 0 plugins.
Preloading 0 native plugins for Editor in 0.00 ms.
Mono: successfully reloaded assembly
- Completed reload, in  2.342 seconds
Platform modules already initialized, skipping
Registering precompiled user dll's ...
Registered in 0.003559 seconds.
Begin MonoManager ReloadAssembly
Native extension for WindowsStandalone target not found
Refreshing native plugins compatible for Editor in 6.62 ms, found 0 plugins.
Preloading 0 native plugins for Editor in 0.00 ms.
Mono: successfully reloaded assembly
- Completed reload, in  2.084 seconds
Platform modules already initialized, skipping
========================================================================
Worker process is ready to serve import requests
Launched and connected shader compiler UnityShaderCompiler.exe after 0.21 seconds
Refreshing native plugins compatible for Editor in 0.45 ms, found 0 plugins.
Preloading 0 native plugins for Editor in 0.00 ms.
Unloading 1429 Unused Serialized files (Serialized files now loaded: 0)
System memory in use before: 67.3 MB.
System memory in use after: 67.4 MB.

Unloading 34 unused Assets to reduce memory usage. Loaded Objects now: 1859.
Total: 3.708800 ms (FindLiveObjects: 0.844900 ms CreateObjectMapping: 0.088300 ms MarkObjects: 2.652500 ms  DeleteObjects: 0.118300 ms)

========================================================================
Received Import Request.
  path: Assets/Objetos/Skull_v3_L2.123c1407fc1e-ea5c-4cb9-9072-d28b8aba4c36/12140_Skull_v3_L2.obj
  artifactKey: Guid(8aa118457ca6a6f44aeac93d8d7d8f08) Importer(815301076,1909f56bfc062723c751e8b465ee728b)
Start importing Assets/Objetos/Skull_v3_L2.123c1407fc1e-ea5c-4cb9-9072-d28b8aba4c36/12140_Skull_v3_L2.obj using Guid(8aa118457ca6a6f44aeac93d8d7d8f08) Importer(815301076,1909f56bfc062723c751e8b465ee728b)  -> (artifact id: '5ed4c2ff0dac16e0bfbb2b9b5f501371') in 0.569071 seconds
  Import took 0.586048 seconds .

========================================================================
Received Import Request.
  Time since last request: 0.000283 seconds.
  path: Assets/Objetos/Skull_v3_L2.123c1407fc1e-ea5c-4cb9-9072-d28b8aba4c36/Materials
  artifactKey: Guid(f4a72cd3f119d414fb3573859926c5f9) Importer(815301076,1909f56bfc062723c751e8b465ee728b)
Start importing Assets/Objetos/Skull_v3_L2.123c1407fc1e-ea5c-4cb9-9072-d28b8aba4c36/Materials using Guid(f4a72cd3f119d414fb3573859926c5f9) Importer(815301076,1909f56bfc062723c751e8b465ee728b)  -> (artifact id: '04ae423a0033bb24692ad06977c773fc') in 0.026860 seconds
  Import took 0.053599 seconds .

========================================================================
Received Prepare
Refreshing native plugins compatible for Editor in 5.32 ms, found 0 plugins.
Preloading 0 native plugins for Editor in 0.00 ms.
Unloading 23 Unused Serialized files (Serialized files now loaded: 0)
System memory in use before: 42.1 MB.
System memory in use after: 42.2 MB.

Unloading 23 unused Assets to reduce memory usage. Loaded Objects now: 1902.
Total: 2.795100 ms (FindLiveObjects: 0.241800 ms CreateObjectMapping: 0.062600 ms MarkObjects: 2.432000 ms  DeleteObjects: 0.057500 ms)

========================================================================
Received Import Request.
  Time since last request: 22.174380 seconds.
  path: Assets/Objetos/cama
  artifactKey: Guid(713a844d6fe8f104eba68c5c4dccdee1) Importer(815301076,1909f56bfc062723c751e8b465ee728b)
Start importing Assets/Objetos/cama using Guid(713a844d6fe8f104eba68c5c4dccdee1) Importer(815301076,1909f56bfc062723c751e8b465ee728b)  -> (artifact id: '622a5eda5f614e859c743aa4af0afabf') in 0.005738 seconds
  Import took 0.032613 seconds .

========================================================================
Received Import Request.
  Time since last request: 13.127580 seconds.
  path: Assets/Objetos/cama/Oldwoodbed.obj
  artifactKey: Guid(910e8d7f047e426459e068fc5559a8b2) Importer(815301076,1909f56bfc062723c751e8b465ee728b)
Start importing Assets/Objetos/cama/Oldwoodbed.obj using Guid(910e8d7f047e426459e068fc5559a8b2) Importer(815301076,1909f56bfc062723c751e8b465ee728b)  -> (artifact id: '0948e1800c8e09d3a1903d1a3f0e4d13') in 0.107027 seconds
  Import took 0.127942 seconds .

AssetImportWorkerClient::OnTransportError - code=2 error=End of file
